TN:
SF:Controllers\userController.js
FN:4,(anonymous_0)
FN:18,(anonymous_1)
FNF:2
FNH:1
FNDA:3,(anonymous_0)
FNDA:0,(anonymous_1)
DA:1,1
DA:3,1
DA:5,3
DA:6,3
DA:8,3
DA:9,2
DA:10,1
DA:12,0
DA:14,3
DA:19,0
DA:20,0
DA:21,0
DA:22,0
LF:13
LH:8
BRF:0
BRH:0
end_of_record
TN:
SF:Models\User.js
FN:5,(anonymous_0)
FN:13,(anonymous_1)
FN:17,(anonymous_2)
FN:21,(anonymous_3)
FN:25,(anonymous_4)
FN:29,(anonymous_5)
FN:37,(anonymous_6)
FN:45,(anonymous_7)
FN:51,(anonymous_8)
FN:58,(anonymous_9)
FN:66,(anonymous_10)
FN:70,(anonymous_11)
FN:74,(anonymous_12)
FN:78,(anonymous_13)
FNF:14
FNH:5
FNDA:3,(anonymous_0)
FNDA:0,(anonymous_1)
FNDA:0,(anonymous_2)
FNDA:0,(anonymous_3)
FNDA:0,(anonymous_4)
FNDA:0,(anonymous_5)
FNDA:2,(anonymous_6)
FNDA:1,(anonymous_7)
FNDA:3,(anonymous_8)
FNDA:3,(anonymous_9)
FNDA:0,(anonymous_10)
FNDA:0,(anonymous_11)
FNDA:0,(anonymous_12)
FNDA:0,(anonymous_13)
DA:1,1
DA:6,3
DA:7,3
DA:8,3
DA:9,3
DA:10,3
DA:14,0
DA:18,0
DA:22,0
DA:26,0
DA:30,0
DA:31,0
DA:33,0
DA:38,2
DA:39,1
DA:41,1
DA:46,1
DA:47,1
DA:49,0
DA:52,3
DA:53,1
DA:55,2
DA:59,3
DA:60,0
DA:62,3
DA:67,0
DA:71,0
DA:75,0
DA:79,0
DA:88,1
LF:30
LH:17
BRDA:30,0,0,0
BRDA:30,0,1,0
BRDA:38,1,0,1
BRDA:38,1,1,1
BRDA:46,2,0,1
BRDA:46,2,1,0
BRDA:52,3,0,1
BRDA:52,3,1,2
BRDA:59,4,0,0
BRDA:59,4,1,3
BRF:10
BRH:6
end_of_record
TN:
SF:config\database.js
FNF:0
FNH:0
DA:2,1
DA:5,1
LF:2
LH:2
BRF:0
BRH:0
end_of_record
